[transvelo.github.io/mytravel-html/html/home/index.html]
[backblue.gif]
[fade.gif]
[index.html]
[transvelo.github.io/mytravel-html/favicon.png]
[transvelo.github.io/mytravel-html/assets/vendor/font-awesome/css/fontawesome-all.min.css]
[transvelo.github.io/mytravel-html/assets/css/font-mytravel.css]
[transvelo.github.io/mytravel-html/assets/vendor/animate.css/animate.min.css]
[transvelo.github.io/mytravel-html/assets/vendor/hs-megamenu/src/hs.megamenu.css]
[transvelo.github.io/mytravel-html/assets/vendor/malihu-custom-scrollbar-plugin/jquery.mCustomScrollbar.css]
[transvelo.github.io/mytravel-html/assets/vendor/flatpickr/dist/flatpickr.min.css]
[transvelo.github.io/mytravel-html/assets/vendor/bootstrap-select/dist/css/bootstrap-select.min.css]
[transvelo.github.io/mytravel-html/assets/vendor/slick-carousel/slick/slick.css]
[transvelo.github.io/mytravel-html/assets/css/theme.css]
[transvelo.github.io/mytravel-html/html/home/index-2.html]
[transvelo.github.io/mytravel-html/html/home/home-v2.html]
[transvelo.github.io/mytravel-html/html/home/home-v3.html]
[transvelo.github.io/mytravel-html/html/home/home-v4.html]
[transvelo.github.io/mytravel-html/html/home/home-v5.html]
[transvelo.github.io/mytravel-html/html/home/home-v6.html]
[transvelo.github.io/mytravel-html/html/home/home-v7.html]
[transvelo.github.io/mytravel-html/html/home/home-v8.html]
[transvelo.github.io/mytravel-html/html/home/home-v9.html]
[transvelo.github.io/mytravel-html/html/home/home-v10.html]
[transvelo.github.io/mytravel-html/assets/img/240x243/img1.jpg]
[transvelo.github.io/mytravel-html/assets/img/80x80/img1.jpg]
[transvelo.github.io/mytravel-html/assets/img/80x80/img2.jpg]
[transvelo.github.io/mytravel-html/assets/img/1920x800/img1.jpg]
[transvelo.github.io/mytravel-html/assets/img/630x350/img1.jpg]
[transvelo.github.io/mytravel-html/assets/img/630x350/img2.jpg]
[transvelo.github.io/mytravel-html/assets/img/300x350/img1.jpg]
[transvelo.github.io/mytravel-html/assets/img/300x350/img3.jpg]
[transvelo.github.io/mytravel-html/assets/img/300x350/img2.jpg]
[transvelo.github.io/mytravel-html/assets/img/300x350/img4.jpg]
[transvelo.github.io/mytravel-html/assets/img/300x230/img1.jpg]
[transvelo.github.io/mytravel-html/assets/img/300x230/img2.jpg]
[transvelo.github.io/mytravel-html/assets/img/300x230/img3.jpg]
[transvelo.github.io/mytravel-html/assets/img/300x230/img4.jpg]
[transvelo.github.io/mytravel-html/assets/img/300x230/img5.jpg]
[transvelo.github.io/mytravel-html/assets/img/300x230/img6.jpg]
[transvelo.github.io/mytravel-html/assets/img/300x230/img7.jpg]
[transvelo.github.io/mytravel-html/assets/img/300x230/img8.jpg]
[transvelo.github.io/mytravel-html/assets/img/1920x500/img1.jpg]
[transvelo.github.io/mytravel-html/assets/img/410x300/img1.jpg]
[transvelo.github.io/mytravel-html/assets/img/410x300/img2.jpg]
[transvelo.github.io/mytravel-html/assets/img/410x300/img3.jpg]
[transvelo.github.io/mytravel-html/assets/img/icons/img3.png]
[transvelo.github.io/mytravel-html/assets/img/icons/img4.png]
[transvelo.github.io/mytravel-html/assets/img/icons/img5.png]
[transvelo.github.io/mytravel-html/assets/img/icons/img6.png]
[transvelo.github.io/mytravel-html/assets/img/icons/img7.png]
[transvelo.github.io/mytravel-html/assets/vendor/jquery/dist/jquery.min.js]
[transvelo.github.io/mytravel-html/assets/vendor/jquery-migrate/dist/jquery-migrate.min.js]
[transvelo.github.io/mytravel-html/assets/vendor/popper.js/dist/umd/popper.min.js]
[transvelo.github.io/mytravel-html/assets/vendor/bootstrap/bootstrap.min.js]
[transvelo.github.io/mytravel-html/assets/vendor/hs-megamenu/src/hs.megamenu.js]
[transvelo.github.io/mytravel-html/assets/vendor/jquery-validation/dist/jquery.validate.min.js]
[transvelo.github.io/mytravel-html/assets/vendor/flatpickr/dist/flatpickr.min.js]
[transvelo.github.io/mytravel-html/assets/vendor/bootstrap-select/dist/js/bootstrap-select.min.js]
[transvelo.github.io/mytravel-html/assets/vendor/slick-carousel/slick/slick.js]
[transvelo.github.io/mytravel-html/assets/js/hs.core.js]
[transvelo.github.io/mytravel-html/assets/js/components/hs.header.js]
[transvelo.github.io/mytravel-html/assets/js/components/hs.unfold.js]
[transvelo.github.io/mytravel-html/assets/js/components/hs.validation.js]
[transvelo.github.io/mytravel-html/assets/js/components/hs.show-animation.js]
[transvelo.github.io/mytravel-html/assets/js/components/hs.range-datepicker.js]
[transvelo.github.io/mytravel-html/assets/js/components/hs.selectpicker.js]
[transvelo.github.io/mytravel-html/assets/js/components/hs.go-to.js]
[transvelo.github.io/mytravel-html/assets/js/components/hs.slick-carousel.js]
[transvelo.github.io/mytravel-html/assets/js/components/hs.quantity-counter.js]
[transvelo.github.io/mytravel-html/html/home/index.html]
[transvelo.github.io/mytravel-html/assets/vendor/font-awesome/css/fontawesome-all.min.css]
[transvelo.github.io/mytravel-html/assets/css/font-mytravel.css]
[transvelo.github.io/mytravel-html/assets/vendor/animate.css/animate.min.css]
[transvelo.github.io/mytravel-html/assets/vendor/hs-megamenu/src/hs.megamenu.css]
[transvelo.github.io/mytravel-html/assets/vendor/malihu-custom-scrollbar-plugin/mCSB_buttons.png]
[transvelo.github.io/mytravel-html/assets/vendor/malihu-custom-scrollbar-plugin/jquery.mCustomScrollbar.css]
[transvelo.github.io/mytravel-html/assets/vendor/flatpickr/dist/flatpickr.min.css]
[transvelo.github.io/mytravel-html/assets/vendor/bootstrap-select/dist/css/bootstrap-select.min.css]
[transvelo.github.io/mytravel-html/assets/vendor/slick-carousel/slick/slick.css]
[transvelo.github.io/mytravel-html/assets/css/theme.css]
[transvelo.github.io/mytravel-html/html/home/index-2.html]
[transvelo.github.io/mytravel-html/assets/img/1920x720/img1.jpg]
[transvelo.github.io/mytravel-html/assets/img/235x240/img3.jpg]
[transvelo.github.io/mytravel-html/assets/img/235x240/img7.jpg]
[transvelo.github.io/mytravel-html/assets/img/235x240/img6.jpg]
[transvelo.github.io/mytravel-html/assets/img/235x240/img10.jpg]
[transvelo.github.io/mytravel-html/assets/img/235x240/img2.jpg]
[transvelo.github.io/mytravel-html/assets/img/235x240/img5.jpg]
[transvelo.github.io/mytravel-html/assets/img/235x240/img9.jpg]
[transvelo.github.io/mytravel-html/assets/img/235x240/img8.jpg]
[transvelo.github.io/mytravel-html/assets/img/235x240/img1.jpg]
[transvelo.github.io/mytravel-html/assets/img/235x240/img4.jpg]
[transvelo.github.io/mytravel-html/assets/img/101x101/img1.jpg]
[transvelo.github.io/mytravel-html/assets/img/101x101/img2.jpg]
[transvelo.github.io/mytravel-html/assets/img/101x101/img3.jpg]
[transvelo.github.io/mytravel-html/assets/img/709x457/img1.png]
[transvelo.github.io/mytravel-html/assets/vendor/svg-injector/dist/svg-injector.min.js]
[transvelo.github.io/mytravel-html/assets/js/components/hs.svg-injector.js]
[transvelo.github.io/mytravel-html/html/home/home-v2.html]
[transvelo.github.io/mytravel-html/assets/img/1920x955/img1.jpg]
[transvelo.github.io/mytravel-html/assets/img/300x230/img9.jpg]
[transvelo.github.io/mytravel-html/assets/img/300x230/img10.jpg]
[transvelo.github.io/mytravel-html/assets/img/300x230/img12.jpg]
[transvelo.github.io/mytravel-html/assets/img/300x230/img11.jpg]
[transvelo.github.io/mytravel-html/assets/img/300x230/img13.jpg]
[transvelo.github.io/mytravel-html/assets/img/300x230/img14.jpg]
[transvelo.github.io/mytravel-html/assets/img/300x230/img15.jpg]
[transvelo.github.io/mytravel-html/assets/img/300x230/img16.jpg]
[transvelo.github.io/mytravel-html/assets/img/300x230/img17.jpg]
[transvelo.github.io/mytravel-html/assets/img/300x230/img18.jpg]
[transvelo.github.io/mytravel-html/assets/img/300x230/img19.jpg]
[transvelo.github.io/mytravel-html/assets/img/300x230/img20.jpg]
[transvelo.github.io/mytravel-html/assets/img/300x230/img29.jpg]
[transvelo.github.io/mytravel-html/assets/img/300x230/img30.jpg]
[transvelo.github.io/mytravel-html/assets/img/300x230/img31.jpg]
[transvelo.github.io/mytravel-html/assets/img/300x230/img32.jpg]
[transvelo.github.io/mytravel-html/assets/img/300x230/img21.jpg]
[transvelo.github.io/mytravel-html/assets/img/300x230/img22.jpg]
[transvelo.github.io/mytravel-html/assets/img/300x230/img23.jpg]
[transvelo.github.io/mytravel-html/assets/img/300x230/img24.jpg]
[transvelo.github.io/mytravel-html/assets/img/300x230/img27.jpg]
[transvelo.github.io/mytravel-html/assets/img/300x230/img28.jpg]
[transvelo.github.io/mytravel-html/assets/img/300x230/img26.jpg]
[transvelo.github.io/mytravel-html/assets/img/300x230/img25.jpg]
[transvelo.github.io/mytravel-html/html/home/home-v3.html]
[transvelo.github.io/mytravel-html/assets/vendor/dzsparallaxer/dzsparallaxer.css]
[transvelo.github.io/mytravel-html/assets/img/1920x800/img2.jpg]
[transvelo.github.io/mytravel-html/assets/img/1920x500/img4.jpg]
[transvelo.github.io/mytravel-html/assets/vendor/dzsparallaxer/dzsparallaxer.js]
[transvelo.github.io/mytravel-html/html/home/home-v4.html]
[transvelo.github.io/mytravel-html/assets/vendor/fancybox/jquery.fancybox.css]
[transvelo.github.io/mytravel-html/assets/img/1920x600/img1.jpg]
[transvelo.github.io/mytravel-html/assets/img/300x350/img6.jpg]
[transvelo.github.io/mytravel-html/assets/img/300x350/img5.jpg]
[transvelo.github.io/mytravel-html/assets/img/1920x500/img5.jpg]
[transvelo.github.io/mytravel-html/assets/img/137x137/img1.jpg]
[transvelo.github.io/mytravel-html/assets/img/137x137/img2.jpg]
[transvelo.github.io/mytravel-html/assets/img/137x137/img3.jpg]
[transvelo.github.io/mytravel-html/assets/img/200x200/img11.png]
[transvelo.github.io/mytravel-html/assets/img/200x200/img12.png]
[transvelo.github.io/mytravel-html/assets/img/200x200/img13.png]
[transvelo.github.io/mytravel-html/assets/img/200x200/img14.png]
[transvelo.github.io/mytravel-html/assets/img/200x200/img15.png]
[transvelo.github.io/mytravel-html/assets/vendor/fancybox/jquery.fancybox.min.js]
[transvelo.github.io/mytravel-html/assets/js/components/hs.fancybox.js]
[transvelo.github.io/mytravel-html/html/home/home-v5.html]
[transvelo.github.io/mytravel-html/assets/img/1920x750/img1.jpg]
[transvelo.github.io/mytravel-html/assets/img/630x450/img1.jpg]
[transvelo.github.io/mytravel-html/assets/img/300x230/img53.jpg]
[transvelo.github.io/mytravel-html/assets/img/300x230/img54.jpg]
[transvelo.github.io/mytravel-html/assets/img/300x230/img55.jpg]
[transvelo.github.io/mytravel-html/assets/img/300x230/img56.jpg]
[transvelo.github.io/mytravel-html/assets/img/1920x500/img6.jpg]
[transvelo.github.io/mytravel-html/html/home/home-v6.html]
[transvelo.github.io/mytravel-html/assets/img/1920x750/img3.jpg]
[transvelo.github.io/mytravel-html/assets/img/307x200/img1.jpg]
[transvelo.github.io/mytravel-html/assets/img/1920x500/img7.jpg]
[transvelo.github.io/mytravel-html/html/home/home-v7.html]
[transvelo.github.io/mytravel-html/assets/img/1920x750/img4.jpg]
[transvelo.github.io/mytravel-html/assets/img/300x100/img1.jpg]
[transvelo.github.io/mytravel-html/assets/img/300x100/img2.jpg]
[transvelo.github.io/mytravel-html/assets/img/300x100/img3.jpg]
[transvelo.github.io/mytravel-html/assets/img/300x100/img4.jpg]
[transvelo.github.io/mytravel-html/assets/img/300x100/img5.jpg]
[transvelo.github.io/mytravel-html/assets/img/300x100/img6.jpg]
[transvelo.github.io/mytravel-html/assets/img/300x100/img7.jpg]
[transvelo.github.io/mytravel-html/assets/img/300x100/img8.jpg]
[transvelo.github.io/mytravel-html/assets/img/300x230/img33.jpg]
[transvelo.github.io/mytravel-html/assets/img/300x230/img34.jpg]
[transvelo.github.io/mytravel-html/assets/img/1920x500/img8.jpg]
[transvelo.github.io/mytravel-html/assets/img/410x300/img4.jpg]
[transvelo.github.io/mytravel-html/assets/img/410x300/img5.jpg]
[transvelo.github.io/mytravel-html/assets/img/410x300/img6.jpg]
[transvelo.github.io/mytravel-html/html/home/home-v8.html]
[transvelo.github.io/mytravel-html/assets/img/1920x960/img1.jpg]
[transvelo.github.io/mytravel-html/assets/vendor/appear.js]
[transvelo.github.io/mytravel-html/assets/js/components/hs.counter.js]
[transvelo.github.io/mytravel-html/html/home/home-v9.html]
[transvelo.github.io/mytravel-html/assets/img/1920x650/img1.jpg]
[transvelo.github.io/mytravel-html/assets/img/260x200/img1.jpg]
[transvelo.github.io/mytravel-html/assets/img/260x200/img2.jpg]
[transvelo.github.io/mytravel-html/assets/img/260x200/img3.jpg]
[transvelo.github.io/mytravel-html/assets/img/260x200/img4.jpg]
[transvelo.github.io/mytravel-html/assets/img/1920x600/img2.jpg]
[transvelo.github.io/mytravel-html/html/home/home-v10.html]
[transvelo.github.io/mytravel-html/assets/vendor/dzsparallaxer/img/grey_wash_wall.jpg]
[transvelo.github.io/mytravel-html/assets/vendor/dzsparallaxer/img/fog_clouds_png_by_paradise234-d5czivb.png]
[transvelo.github.io/mytravel-html/assets/vendor/dzsparallaxer/dzsparallaxer.css]
[transvelo.github.io/mytravel-html/assets/vendor/fancybox/jquery.fancybox.css]
